# JRE version: OpenJDK Runtime Environment (7.0_91-b02) (build 1.7.0_91-b02)
# Java VM: OpenJDK 64-Bit Server VM (24.91-b01 mixed mode linux-amd64 compressed oops)
Heap
 PSYoungGen      total 136704K, used 13312K [0x00000000eaa80000, 0x00000000f3e80000, 0x0000000100000000)
  eden space 123392K, 0% used [0x00000000eaa80000,0x00000000eaa80000,0x00000000f2300000)
  from space 13312K, 100% used [0x00000000f2300000,0x00000000f3000000,0x00000000f3000000)
  to   space 11776K, 0% used [0x00000000f3000000,0x00000000f3000000,0x00000000f3b80000)
 ParOldGen       total 36864K, used 36778K [0x00000000c0000000, 0x00000000c2400000, 0x00000000eaa80000)
  object space 36864K, 99% used [0x00000000c0000000,0x00000000c23ea928,0x00000000c2400000)
 PSPermGen       total 40960K, used 40806K [0x00000000b0000000, 0x00000000b2800000, 0x00000000c0000000)
  object space 40960K, 99% used [0x00000000b0000000,0x00000000b27d98c0,0x00000000b2800000)
GC Heap History (10 events):
Event: 13.044 GC heap after
Heap after GC invocations=8 (full 0):
 PSYoungGen      total 54272K, used 5614K [0x00000000eaa80000, 0x00000000ee980000, 0x0000000100000000)
  eden space 48640K, 0% used [0x00000000eaa80000,0x00000000eaa80000,0x00000000eda00000)
  from space 5632K, 99% used [0x00000000ee100000,0x00000000ee67b960,0x00000000ee680000)
  to   space 7168K, 0% used [0x00000000eda00000,0x00000000eda00000,0x00000000ee100000)
 ParOldGen       total 31744K, used 7870K [0x00000000c0000000, 0x00000000c1f00000, 0x00000000eaa80000)
  object space 31744K, 24% used [0x00000000c0000000,0x00000000c07afa88,0x00000000c1f00000)
 PSPermGen       total 21504K, used 20579K [0x00000000b0000000, 0x00000000b1500000, 0x00000000c0000000)
  object space 21504K, 95% used [0x00000000b0000000,0x00000000b1418c00,0x00000000b1500000)
}
Event: 14.918 GC heap before
{Heap before GC invocations=9 (full 0):
 PSYoungGen      total 54272K, used 54254K [0x00000000eaa80000, 0x00000000ee980000, 0x0000000100000000)
  eden space 48640K, 100% used [0x00000000eaa80000,0x00000000eda00000,0x00000000eda00000)
  from space 5632K, 99% used [0x00000000ee100000,0x00000000ee67b960,0x00000000ee680000)
  to   space 7168K, 0% used [0x00000000eda00000,0x00000000eda00000,0x00000000ee100000)
 ParOldGen       total 31744K, used 7870K [0x00000000c0000000, 0x00000000c1f00000, 0x00000000eaa80000)
  object space 31744K, 24% used [0x00000000c0000000,0x00000000c07afa88,0x00000000c1f00000)
 PSPermGen       total 24576K, used 24296K [0x00000000b0000000, 0x00000000b1800000, 0x00000000c0000000)
  object space 24576K, 98% used [0x00000000b0000000,0x00000000b17ba240,0x00000000b1800000)
Event: 14.956 GC heap after
Heap after GC invocations=9 (full 0):
 PSYoungGen      total 55808K, used 7144K [0x00000000eaa80000, 0x00000000f0780000, 0x0000000100000000)
  eden space 48640K, 0% used [0x00000000eaa80000,0x00000000eaa80000,0x00000000eda00000)
  from space 7168K, 99% used [0x00000000eda00000,0x00000000ee0fa198,0x00000000ee100000)
  to   space 8704K, 0% used [0x00000000eff00000,0x00000000eff00000,0x00000000f0780000)
 ParOldGen       total 31744K, used 9883K [0x00000000c0000000, 0x00000000c1f00000, 0x00000000eaa80000)
  object space 31744K, 31% used [0x00000000c0000000,0x00000000c09a6f58,0x00000000c1f00000)
 PSPermGen       total 24576K, used 24296K [0x00000000b0000000, 0x00000000b1800000, 0x00000000c0000000)
  object space 24576K, 98% used [0x00000000b0000000,0x00000000b17ba240,0x00000000b1800000)
}
Event: 19.351 GC heap before
{Heap before GC invocations=10 (full 0):
 PSYoungGen      total 55808K, used 55784K [0x00000000eaa80000, 0x00000000f0780000, 0x0000000100000000)
  eden space 48640K, 100% used [0x00000000eaa80000,0x00000000eda00000,0x00000000eda00000)
  from space 7168K, 99% used [0x00000000eda00000,0x00000000ee0fa198,0x00000000ee100000)
  to   space 8704K, 0% used [0x00000000eff00000,0x00000000eff00000,0x00000000f0780000)
 ParOldGen       total 31744K, used 9883K [0x00000000c0000000, 0x00000000c1f00000, 0x00000000eaa80000)
  object space 31744K, 31% used [0x00000000c0000000,0x00000000c09a6f58,0x00000000c1f00000)
 PSPermGen       total 27648K, used 27473K [0x00000000b0000000, 0x00000000b1b00000, 0x00000000c0000000)
  object space 27648K, 99% used [0x00000000b0000000,0x00000000b1ad47a8,0x00000000b1b00000)
Event: 19.377 GC heap after
Heap after GC invocations=10 (full 0):
 PSYoungGen      total 86528K, used 4636K [0x00000000eaa80000, 0x00000000f0780000, 0x0000000100000000)
  eden space 77824K, 0% used [0x00000000eaa80000,0x00000000eaa80000,0x00000000ef680000)
  from space 8704K, 53% used [0x00000000eff00000,0x00000000f03870e0,0x00000000f0780000)
  to   space 8704K, 0% used [0x00000000ef680000,0x00000000ef680000,0x00000000eff00000)
 ParOldGen       total 31744K, used 12716K [0x00000000c0000000, 0x00000000c1f00000, 0x00000000eaa80000)
  object space 31744K, 40% used [0x00000000c0000000,0x00000000c0c6b2a8,0x00000000c1f00000)
 PSPermGen       total 27648K, used 27473K [0x00000000b0000000, 0x00000000b1b00000, 0x00000000c0000000)
  object space 27648K, 99% used [0x00000000b0000000,0x00000000b1ad47a8,0x00000000b1b00000)
}
Event: 22.933 GC heap before
{Heap before GC invocations=11 (full 0):
 PSYoungGen      total 86528K, used 82460K [0x00000000eaa80000, 0x00000000f0780000, 0x0000000100000000)
  eden space 77824K, 100% used [0x00000000eaa80000,0x00000000ef680000,0x00000000ef680000)
  from space 8704K, 53% used [0x00000000eff00000,0x00000000f03870e0,0x00000000f0780000)
  to   space 8704K, 0% used [0x00000000ef680000,0x00000000ef680000,0x00000000eff00000)
 ParOldGen       total 31744K, used 12716K [0x00000000c0000000, 0x00000000c1f00000, 0x00000000eaa80000)
  object space 31744K, 40% used [0x00000000c0000000,0x00000000c0c6b2a8,0x00000000c1f00000)
 PSPermGen       total 34816K, used 34362K [0x00000000b0000000, 0x00000000b2200000, 0x00000000c0000000)
  object space 34816K, 98% used [0x00000000b0000000,0x00000000b218e8c0,0x00000000b2200000)
Event: 22.984 GC heap after
Heap after GC invocations=11 (full 0):
 PSYoungGen      total 86528K, used 8672K [0x00000000eaa80000, 0x00000000f3b80000, 0x0000000100000000)
  eden space 77824K, 0% used [0x00000000eaa80000,0x00000000eaa80000,0x00000000ef680000)
  from space 8704K, 99% used [0x00000000ef680000,0x00000000efef8178,0x00000000eff00000)
  to   space 11776K, 0% used [0x00000000f3000000,0x00000000f3000000,0x00000000f3b80000)
 ParOldGen       total 31744K, used 18407K [0x00000000c0000000, 0x00000000c1f00000, 0x00000000eaa80000)
  object space 31744K, 57% used [0x00000000c0000000,0x00000000c11f9cc0,0x00000000c1f00000)
 PSPermGen       total 34816K, used 34362K [0x00000000b0000000, 0x00000000b2200000, 0x00000000c0000000)
  object space 34816K, 98% used [0x00000000b0000000,0x00000000b218e8c0,0x00000000b2200000)
}
Event: 29.062 GC heap before
{Heap before GC invocations=12 (full 0):
 PSYoungGen      total 86528K, used 86496K [0x00000000eaa80000, 0x00000000f3b80000, 0x0000000100000000)
  eden space 77824K, 100% used [0x00000000eaa80000,0x00000000ef680000,0x00000000ef680000)
  from space 8704K, 99% used [0x00000000ef680000,0x00000000efef8178,0x00000000eff00000)
  to   space 11776K, 0% used [0x00000000f3000000,0x00000000f3000000,0x00000000f3b80000)
 ParOldGen       total 31744K, used 18407K [0x00000000c0000000, 0x00000000c1f00000, 0x00000000eaa80000)
  object space 31744K, 57% used [0x00000000c0000000,0x00000000c11f9cc0,0x00000000c1f00000)
 PSPermGen       total 37376K, used 36921K [0x00000000b0000000, 0x00000000b2480000, 0x00000000c0000000)
  object space 37376K, 98% used [0x00000000b0000000,0x00000000b240e410,0x00000000b2480000)
Event: 29.149 GC heap after
Heap after GC invocations=12 (full 0):
 PSYoungGen      total 135168K, used 10987K [0x00000000eaa80000, 0x00000000f3e80000, 0x0000000100000000)
  eden space 123392K, 0% used [0x00000000eaa80000,0x00000000eaa80000,0x00000000f2300000)
  from space 11776K, 93% used [0x00000000f3000000,0x00000000f3abae78,0x00000000f3b80000)
  to   space 13312K, 0% used [0x00000000f2300000,0x00000000f2300000,0x00000000f3000000)
 ParOldGen       total 31744K, used 24804K [0x00000000c0000000, 0x00000000c1f00000, 0x00000000eaa80000)
  object space 31744K, 78% used [0x00000000c0000000,0x00000000c18390f0,0x00000000c1f00000)
 PSPermGen       total 37376K, used 36921K [0x00000000b0000000, 0x00000000b2480000, 0x00000000c0000000)
  object space 37376K, 98% used [0x00000000b0000000,0x00000000b240e410,0x00000000b2480000)
}
Event: 36.311 GC heap before
{Heap before GC invocations=13 (full 0):
 PSYoungGen      total 135168K, used 134379K [0x00000000eaa80000, 0x00000000f3e80000, 0x0000000100000000)
  eden space 123392K, 100% used [0x00000000eaa80000,0x00000000f2300000,0x00000000f2300000)
  from space 11776K, 93% used [0x00000000f3000000,0x00000000f3abae78,0x00000000f3b80000)
  to   space 13312K, 0% used [0x00000000f2300000,0x00000000f2300000,0x00000000f3000000)
 ParOldGen       total 31744K, used 24804K [0x00000000c0000000, 0x00000000c1f00000, 0x00000000eaa80000)
  object space 31744K, 78% used [0x00000000c0000000,0x00000000c18390f0,0x00000000c1f00000)
 PSPermGen       total 40960K, used 40806K [0x00000000b0000000, 0x00000000b2800000, 0x00000000c0000000)
  object space 40960K, 99% used [0x00000000b0000000,0x00000000b27d98c0,0x00000000b2800000)

