# JRE version: OpenJDK Runtime Environment (7.0_91-b02) (build 1.7.0_91-b02)
# Java VM: OpenJDK 64-Bit Server VM (24.91-b01 mixed mode linux-amd64 compressed oops)
Heap
 PSYoungGen      total 110592K, used 12790K [0x00000000eaa80000, 0x00000000f2400000, 0x0000000100000000)
  eden space 97792K, 0% used [0x00000000eaa80000,0x00000000eaa80000,0x00000000f0a00000)
  from space 12800K, 99% used [0x00000000f1780000,0x00000000f23fdb40,0x00000000f2400000)
  to   space 9728K, 0% used [0x00000000f0e00000,0x00000000f0e00000,0x00000000f1780000)
 ParOldGen       total 31744K, used 28780K [0x00000000c0000000, 0x00000000c1f00000, 0x00000000eaa80000)
  object space 31744K, 90% used [0x00000000c0000000,0x00000000c1c1b380,0x00000000c1f00000)
 PSPermGen       total 37376K, used 36870K [0x00000000b0000000, 0x00000000b2480000, 0x00000000c0000000)
  object space 37376K, 98% used [0x00000000b0000000,0x00000000b2401b40,0x00000000b2480000)
GC Heap History (10 events):
Event: 5.646 GC heap after
Heap after GC invocations=3 (full 0):
 PSYoungGen      total 27136K, used 1520K [0x00000000eaa80000, 0x00000000edf80000, 0x0000000100000000)
  eden space 25600K, 0% used [0x00000000eaa80000,0x00000000eaa80000,0x00000000ec380000)
  from space 1536K, 98% used [0x00000000ec380000,0x00000000ec4fc030,0x00000000ec500000)
  to   space 1536K, 0% used [0x00000000ede00000,0x00000000ede00000,0x00000000edf80000)
 ParOldGen       total 31744K, used 3969K [0x00000000c0000000, 0x00000000c1f00000, 0x00000000eaa80000)
  object space 31744K, 12% used [0x00000000c0000000,0x00000000c03e06a0,0x00000000c1f00000)
 PSPermGen       total 21504K, used 10299K [0x00000000b0000000, 0x00000000b1500000, 0x00000000c0000000)
  object space 21504K, 47% used [0x00000000b0000000,0x00000000b0a0ed00,0x00000000b1500000)
}
Event: 9.244 GC heap before
{Heap before GC invocations=4 (full 0):
 PSYoungGen      total 27136K, used 27120K [0x00000000eaa80000, 0x00000000edf80000, 0x0000000100000000)
  eden space 25600K, 100% used [0x00000000eaa80000,0x00000000ec380000,0x00000000ec380000)
  from space 1536K, 98% used [0x00000000ec380000,0x00000000ec4fc030,0x00000000ec500000)
  to   space 1536K, 0% used [0x00000000ede00000,0x00000000ede00000,0x00000000edf80000)
 ParOldGen       total 31744K, used 3969K [0x00000000c0000000, 0x00000000c1f00000, 0x00000000eaa80000)
  object space 31744K, 12% used [0x00000000c0000000,0x00000000c03e06a0,0x00000000c1f00000)
 PSPermGen       total 21504K, used 16065K [0x00000000b0000000, 0x00000000b1500000, 0x00000000c0000000)
  object space 21504K, 74% used [0x00000000b0000000,0x00000000b0fb06c0,0x00000000b1500000)
Event: 9.273 GC heap after
Heap after GC invocations=4 (full 0):
 PSYoungGen      total 52736K, used 1520K [0x00000000eaa80000, 0x00000000edf80000, 0x0000000100000000)
  eden space 51200K, 0% used [0x00000000eaa80000,0x00000000eaa80000,0x00000000edc80000)
  from space 1536K, 98% used [0x00000000ede00000,0x00000000edf7c010,0x00000000edf80000)
  to   space 1536K, 0% used [0x00000000edc80000,0x00000000edc80000,0x00000000ede00000)
 ParOldGen       total 31744K, used 8734K [0x00000000c0000000, 0x00000000c1f00000, 0x00000000eaa80000)
  object space 31744K, 27% used [0x00000000c0000000,0x00000000c0887950,0x00000000c1f00000)
 PSPermGen       total 21504K, used 16065K [0x00000000b0000000, 0x00000000b1500000, 0x00000000c0000000)
  object space 21504K, 74% used [0x00000000b0000000,0x00000000b0fb06c0,0x00000000b1500000)
}
Event: 13.861 GC heap before
{Heap before GC invocations=5 (full 0):
 PSYoungGen      total 52736K, used 52720K [0x00000000eaa80000, 0x00000000edf80000, 0x0000000100000000)
  eden space 51200K, 100% used [0x00000000eaa80000,0x00000000edc80000,0x00000000edc80000)
  from space 1536K, 98% used [0x00000000ede00000,0x00000000edf7c010,0x00000000edf80000)
  to   space 1536K, 0% used [0x00000000edc80000,0x00000000edc80000,0x00000000ede00000)
 ParOldGen       total 31744K, used 8734K [0x00000000c0000000, 0x00000000c1f00000, 0x00000000eaa80000)
  object space 31744K, 27% used [0x00000000c0000000,0x00000000c0887950,0x00000000c1f00000)
 PSPermGen       total 21504K, used 20583K [0x00000000b0000000, 0x00000000b1500000, 0x00000000c0000000)
  object space 21504K, 95% used [0x00000000b0000000,0x00000000b1419d98,0x00000000b1500000)
Event: 13.920 GC heap after
Heap after GC invocations=5 (full 0):
 PSYoungGen      total 52736K, used 1520K [0x00000000eaa80000, 0x00000000f2080000, 0x0000000100000000)
  eden space 51200K, 0% used [0x00000000eaa80000,0x00000000eaa80000,0x00000000edc80000)
  from space 1536K, 98% used [0x00000000edc80000,0x00000000eddfc010,0x00000000ede00000)
  to   space 9216K, 0% used [0x00000000f1780000,0x00000000f1780000,0x00000000f2080000)
 ParOldGen       total 31744K, used 14866K [0x00000000c0000000, 0x00000000c1f00000, 0x00000000eaa80000)
  object space 31744K, 46% used [0x00000000c0000000,0x00000000c0e84938,0x00000000c1f00000)
 PSPermGen       total 21504K, used 20583K [0x00000000b0000000, 0x00000000b1500000, 0x00000000c0000000)
  object space 21504K, 95% used [0x00000000b0000000,0x00000000b1419d98,0x00000000b1500000)
}
Event: 16.840 GC heap before
{Heap before GC invocations=6 (full 0):
 PSYoungGen      total 52736K, used 52720K [0x00000000eaa80000, 0x00000000f2080000, 0x0000000100000000)
  eden space 51200K, 100% used [0x00000000eaa80000,0x00000000edc80000,0x00000000edc80000)
  from space 1536K, 98% used [0x00000000edc80000,0x00000000eddfc010,0x00000000ede00000)
  to   space 9216K, 0% used [0x00000000f1780000,0x00000000f1780000,0x00000000f2080000)
 ParOldGen       total 31744K, used 14866K [0x00000000c0000000, 0x00000000c1f00000, 0x00000000eaa80000)
  object space 31744K, 46% used [0x00000000c0000000,0x00000000c0e84938,0x00000000c1f00000)
 PSPermGen       total 24576K, used 24502K [0x00000000b0000000, 0x00000000b1800000, 0x00000000c0000000)
  object space 24576K, 99% used [0x00000000b0000000,0x00000000b17edbe8,0x00000000b1800000)
Event: 16.865 GC heap after
Heap after GC invocations=6 (full 0):
 PSYoungGen      total 111104K, used 6709K [0x00000000eaa80000, 0x00000000f2180000, 0x0000000100000000)
  eden space 101888K, 0% used [0x00000000eaa80000,0x00000000eaa80000,0x00000000f0e00000)
  from space 9216K, 72% used [0x00000000f1780000,0x00000000f1e0d618,0x00000000f2080000)
  to   space 9728K, 0% used [0x00000000f0e00000,0x00000000f0e00000,0x00000000f1780000)
 ParOldGen       total 31744K, used 14866K [0x00000000c0000000, 0x00000000c1f00000, 0x00000000eaa80000)
  object space 31744K, 46% used [0x00000000c0000000,0x00000000c0e84938,0x00000000c1f00000)
 PSPermGen       total 24576K, used 24502K [0x00000000b0000000, 0x00000000b1800000, 0x00000000c0000000)
  object space 24576K, 99% used [0x00000000b0000000,0x00000000b17edbe8,0x00000000b1800000)
}
Event: 28.920 GC heap before
{Heap before GC invocations=7 (full 0):
 PSYoungGen      total 111104K, used 108597K [0x00000000eaa80000, 0x00000000f2180000, 0x0000000100000000)
  eden space 101888K, 100% used [0x00000000eaa80000,0x00000000f0e00000,0x00000000f0e00000)
  from space 9216K, 72% used [0x00000000f1780000,0x00000000f1e0d618,0x00000000f2080000)
  to   space 9728K, 0% used [0x00000000f0e00000,0x00000000f0e00000,0x00000000f1780000)
 ParOldGen       total 31744K, used 14866K [0x00000000c0000000, 0x00000000c1f00000, 0x00000000eaa80000)
  object space 31744K, 46% used [0x00000000c0000000,0x00000000c0e84938,0x00000000c1f00000)
 PSPermGen       total 32256K, used 31806K [0x00000000b0000000, 0x00000000b1f80000, 0x00000000c0000000)
  object space 32256K, 98% used [0x00000000b0000000,0x00000000b1f0fa70,0x00000000b1f80000)
Event: 28.995 GC heap after
Heap after GC invocations=7 (full 0):
 PSYoungGen      total 107520K, used 9699K [0x00000000eaa80000, 0x00000000f2400000, 0x0000000100000000)
  eden space 97792K, 0% used [0x00000000eaa80000,0x00000000eaa80000,0x00000000f0a00000)
  from space 9728K, 99% used [0x00000000f0e00000,0x00000000f1778eb0,0x00000000f1780000)
  to   space 12800K, 0% used [0x00000000f1780000,0x00000000f1780000,0x00000000f2400000)
 ParOldGen       total 31744K, used 18745K [0x00000000c0000000, 0x00000000c1f00000, 0x00000000eaa80000)
  object space 31744K, 59% used [0x00000000c0000000,0x00000000c124e588,0x00000000c1f00000)
 PSPermGen       total 32256K, used 31806K [0x00000000b0000000, 0x00000000b1f80000, 0x00000000c0000000)
  object space 32256K, 98% used [0x00000000b0000000,0x00000000b1f0fa70,0x00000000b1f80000)
}
Event: 39.311 GC heap before
{Heap before GC invocations=8 (full 0):
 PSYoungGen      total 107520K, used 107491K [0x00000000eaa80000, 0x00000000f2400000, 0x0000000100000000)
  eden space 97792K, 100% used [0x00000000eaa80000,0x00000000f0a00000,0x00000000f0a00000)
  from space 9728K, 99% used [0x00000000f0e00000,0x00000000f1778eb0,0x00000000f1780000)
  to   space 12800K, 0% used [0x00000000f1780000,0x00000000f1780000,0x00000000f2400000)
 ParOldGen       total 31744K, used 18745K [0x00000000c0000000, 0x00000000c1f00000, 0x00000000eaa80000)
  object space 31744K, 59% used [0x00000000c0000000,0x00000000c124e588,0x00000000c1f00000)
 PSPermGen       total 37376K, used 36870K [0x00000000b0000000, 0x00000000b2480000, 0x00000000c0000000)
  object space 37376K, 98% used [0x00000000b0000000,0x00000000b2401b40,0x00000000b2480000)

