# JRE version: OpenJDK Runtime Environment (7.0_91-b02) (build 1.7.0_91-b02)
# Java VM: OpenJDK 64-Bit Server VM (24.91-b01 mixed mode linux-amd64 compressed oops)
Heap
 PSYoungGen      total 136704K, used 13312K [0x00000000eaa80000, 0x00000000f3e80000, 0x0000000100000000)
  eden space 123392K, 0% used [0x00000000eaa80000,0x00000000eaa80000,0x00000000f2300000)
  from space 13312K, 100% used [0x00000000f2300000,0x00000000f3000000,0x00000000f3000000)
  to   space 11776K, 0% used [0x00000000f3000000,0x00000000f3000000,0x00000000f3b80000)
 ParOldGen       total 36352K, used 36000K [0x00000000c0000000, 0x00000000c2380000, 0x00000000eaa80000)
  object space 36352K, 99% used [0x00000000c0000000,0x00000000c2328390,0x00000000c2380000)
 PSPermGen       total 40960K, used 40799K [0x00000000b0000000, 0x00000000b2800000, 0x00000000c0000000)
  object space 40960K, 99% used [0x00000000b0000000,0x00000000b27d7cc8,0x00000000b2800000)
GC Heap History (10 events):
Event: 15.164 GC heap after
Heap after GC invocations=8 (full 0):
 PSYoungGen      total 54272K, used 5631K [0x00000000eaa80000, 0x00000000ee980000, 0x0000000100000000)
  eden space 48640K, 0% used [0x00000000eaa80000,0x00000000eaa80000,0x00000000eda00000)
  from space 5632K, 99% used [0x00000000ee100000,0x00000000ee67fd38,0x00000000ee680000)
  to   space 7168K, 0% used [0x00000000eda00000,0x00000000eda00000,0x00000000ee100000)
 ParOldGen       total 31744K, used 7814K [0x00000000c0000000, 0x00000000c1f00000, 0x00000000eaa80000)
  object space 31744K, 24% used [0x00000000c0000000,0x00000000c07a1ac8,0x00000000c1f00000)
 PSPermGen       total 21504K, used 20571K [0x00000000b0000000, 0x00000000b1500000, 0x00000000c0000000)
  object space 21504K, 95% used [0x00000000b0000000,0x00000000b1416f10,0x00000000b1500000)
}
Event: 17.997 GC heap before
{Heap before GC invocations=9 (full 0):
 PSYoungGen      total 54272K, used 54271K [0x00000000eaa80000, 0x00000000ee980000, 0x0000000100000000)
  eden space 48640K, 100% used [0x00000000eaa80000,0x00000000eda00000,0x00000000eda00000)
  from space 5632K, 99% used [0x00000000ee100000,0x00000000ee67fd38,0x00000000ee680000)
  to   space 7168K, 0% used [0x00000000eda00000,0x00000000eda00000,0x00000000ee100000)
 ParOldGen       total 31744K, used 7814K [0x00000000c0000000, 0x00000000c1f00000, 0x00000000eaa80000)
  object space 31744K, 24% used [0x00000000c0000000,0x00000000c07a1ac8,0x00000000c1f00000)
 PSPermGen       total 24576K, used 24262K [0x00000000b0000000, 0x00000000b1800000, 0x00000000c0000000)
  object space 24576K, 98% used [0x00000000b0000000,0x00000000b17b1958,0x00000000b1800000)
Event: 18.025 GC heap after
Heap after GC invocations=9 (full 0):
 PSYoungGen      total 55808K, used 7160K [0x00000000eaa80000, 0x00000000f0780000, 0x0000000100000000)
  eden space 48640K, 0% used [0x00000000eaa80000,0x00000000eaa80000,0x00000000eda00000)
  from space 7168K, 99% used [0x00000000eda00000,0x00000000ee0fe1a8,0x00000000ee100000)
  to   space 8704K, 0% used [0x00000000eff00000,0x00000000eff00000,0x00000000f0780000)
 ParOldGen       total 31744K, used 9824K [0x00000000c0000000, 0x00000000c1f00000, 0x00000000eaa80000)
  object space 31744K, 30% used [0x00000000c0000000,0x00000000c0998248,0x00000000c1f00000)
 PSPermGen       total 24576K, used 24262K [0x00000000b0000000, 0x00000000b1800000, 0x00000000c0000000)
  object space 24576K, 98% used [0x00000000b0000000,0x00000000b17b1958,0x00000000b1800000)
}
Event: 22.751 GC heap before
{Heap before GC invocations=10 (full 0):
 PSYoungGen      total 55808K, used 55800K [0x00000000eaa80000, 0x00000000f0780000, 0x0000000100000000)
  eden space 48640K, 100% used [0x00000000eaa80000,0x00000000eda00000,0x00000000eda00000)
  from space 7168K, 99% used [0x00000000eda00000,0x00000000ee0fe1a8,0x00000000ee100000)
  to   space 8704K, 0% used [0x00000000eff00000,0x00000000eff00000,0x00000000f0780000)
 ParOldGen       total 31744K, used 9824K [0x00000000c0000000, 0x00000000c1f00000, 0x00000000eaa80000)
  object space 31744K, 30% used [0x00000000c0000000,0x00000000c0998248,0x00000000c1f00000)
 PSPermGen       total 27648K, used 27371K [0x00000000b0000000, 0x00000000b1b00000, 0x00000000c0000000)
  object space 27648K, 98% used [0x00000000b0000000,0x00000000b1abac58,0x00000000b1b00000)
Event: 22.773 GC heap after
Heap after GC invocations=10 (full 0):
 PSYoungGen      total 86528K, used 4638K [0x00000000eaa80000, 0x00000000f0780000, 0x0000000100000000)
  eden space 77824K, 0% used [0x00000000eaa80000,0x00000000eaa80000,0x00000000ef680000)
  from space 8704K, 53% used [0x00000000eff00000,0x00000000f0387858,0x00000000f0780000)
  to   space 8704K, 0% used [0x00000000ef680000,0x00000000ef680000,0x00000000eff00000)
 ParOldGen       total 31744K, used 12584K [0x00000000c0000000, 0x00000000c1f00000, 0x00000000eaa80000)
  object space 31744K, 39% used [0x00000000c0000000,0x00000000c0c4a288,0x00000000c1f00000)
 PSPermGen       total 27648K, used 27371K [0x00000000b0000000, 0x00000000b1b00000, 0x00000000c0000000)
  object space 27648K, 98% used [0x00000000b0000000,0x00000000b1abac58,0x00000000b1b00000)
}
Event: 28.448 GC heap before
{Heap before GC invocations=11 (full 0):
 PSYoungGen      total 86528K, used 82462K [0x00000000eaa80000, 0x00000000f0780000, 0x0000000100000000)
  eden space 77824K, 100% used [0x00000000eaa80000,0x00000000ef680000,0x00000000ef680000)
  from space 8704K, 53% used [0x00000000eff00000,0x00000000f0387858,0x00000000f0780000)
  to   space 8704K, 0% used [0x00000000ef680000,0x00000000ef680000,0x00000000eff00000)
 ParOldGen       total 31744K, used 12584K [0x00000000c0000000, 0x00000000c1f00000, 0x00000000eaa80000)
  object space 31744K, 39% used [0x00000000c0000000,0x00000000c0c4a288,0x00000000c1f00000)
 PSPermGen       total 34816K, used 34324K [0x00000000b0000000, 0x00000000b2200000, 0x00000000c0000000)
  object space 34816K, 98% used [0x00000000b0000000,0x00000000b2185308,0x00000000b2200000)
Event: 28.551 GC heap after
Heap after GC invocations=11 (full 0):
 PSYoungGen      total 86528K, used 8672K [0x00000000eaa80000, 0x00000000f3b80000, 0x0000000100000000)
  eden space 77824K, 0% used [0x00000000eaa80000,0x00000000eaa80000,0x00000000ef680000)
  from space 8704K, 99% used [0x00000000ef680000,0x00000000efef8178,0x00000000eff00000)
  to   space 11776K, 0% used [0x00000000f3000000,0x00000000f3000000,0x00000000f3b80000)
 ParOldGen       total 31744K, used 18269K [0x00000000c0000000, 0x00000000c1f00000, 0x00000000eaa80000)
  object space 31744K, 57% used [0x00000000c0000000,0x00000000c11d74a0,0x00000000c1f00000)
 PSPermGen       total 34816K, used 34324K [0x00000000b0000000, 0x00000000b2200000, 0x00000000c0000000)
  object space 34816K, 98% used [0x00000000b0000000,0x00000000b2185308,0x00000000b2200000)
}
Event: 35.419 GC heap before
{Heap before GC invocations=12 (full 0):
 PSYoungGen      total 86528K, used 86496K [0x00000000eaa80000, 0x00000000f3b80000, 0x0000000100000000)
  eden space 77824K, 100% used [0x00000000eaa80000,0x00000000ef680000,0x00000000ef680000)
  from space 8704K, 99% used [0x00000000ef680000,0x00000000efef8178,0x00000000eff00000)
  to   space 11776K, 0% used [0x00000000f3000000,0x00000000f3000000,0x00000000f3b80000)
 ParOldGen       total 31744K, used 18269K [0x00000000c0000000, 0x00000000c1f00000, 0x00000000eaa80000)
  object space 31744K, 57% used [0x00000000c0000000,0x00000000c11d74a0,0x00000000c1f00000)
 PSPermGen       total 37376K, used 36920K [0x00000000b0000000, 0x00000000b2480000, 0x00000000c0000000)
  object space 37376K, 98% used [0x00000000b0000000,0x00000000b240e128,0x00000000b2480000)
Event: 35.507 GC heap after
Heap after GC invocations=12 (full 0):
 PSYoungGen      total 135168K, used 11051K [0x00000000eaa80000, 0x00000000f3e80000, 0x0000000100000000)
  eden space 123392K, 0% used [0x00000000eaa80000,0x00000000eaa80000,0x00000000f2300000)
  from space 11776K, 93% used [0x00000000f3000000,0x00000000f3acae78,0x00000000f3b80000)
  to   space 13312K, 0% used [0x00000000f2300000,0x00000000f2300000,0x00000000f3000000)
 ParOldGen       total 31744K, used 24550K [0x00000000c0000000, 0x00000000c1f00000, 0x00000000eaa80000)
  object space 31744K, 77% used [0x00000000c0000000,0x00000000c17f98e0,0x00000000c1f00000)
 PSPermGen       total 37376K, used 36920K [0x00000000b0000000, 0x00000000b2480000, 0x00000000c0000000)
  object space 37376K, 98% used [0x00000000b0000000,0x00000000b240e128,0x00000000b2480000)
}
Event: 44.402 GC heap before
{Heap before GC invocations=13 (full 0):
 PSYoungGen      total 135168K, used 134443K [0x00000000eaa80000, 0x00000000f3e80000, 0x0000000100000000)
  eden space 123392K, 100% used [0x00000000eaa80000,0x00000000f2300000,0x00000000f2300000)
  from space 11776K, 93% used [0x00000000f3000000,0x00000000f3acae78,0x00000000f3b80000)
  to   space 13312K, 0% used [0x00000000f2300000,0x00000000f2300000,0x00000000f3000000)
 ParOldGen       total 31744K, used 24550K [0x00000000c0000000, 0x00000000c1f00000, 0x00000000eaa80000)
  object space 31744K, 77% used [0x00000000c0000000,0x00000000c17f98e0,0x00000000c1f00000)
 PSPermGen       total 40960K, used 40799K [0x00000000b0000000, 0x00000000b2800000, 0x00000000c0000000)
  object space 40960K, 99% used [0x00000000b0000000,0x00000000b27d7cc8,0x00000000b2800000)

